<?xml version="1.0" encoding="UTF-8"?>
<!-- Generated by org.testng.reporters.JUnitReportReporter -->
<testsuite hostname="DESKTOP-02L3KP1" failures="0" tests="2" name="CucumberTest.cucumberTestRunner" time="21.883" errors="0" timestamp="2024-04-28T19:15:25 IST" skipped="0">
  <testcase classname="CucumberTest.cucumberTestRunner" name="runScenario" time="10.124"/>
  <testcase classname="CucumberTest.cucumberTestRunner" name="runScenario" time="11.759"/>
</testsuite> <!-- CucumberTest.cucumberTestRunner -->
