<?xml version="1.0" encoding="UTF-8"?>
<!-- Generated by org.testng.reporters.JUnitReportReporter -->
<testsuite hostname="DESKTOP-02L3KP1" failures="0" tests="4" name="SeleniumTestNG_F_De.loginPageT" time="36.149" errors="0" timestamp="2024-04-23T09:01:57 IST" skipped="0">
  <testcase classname="SeleniumTestNG_F_De.loginPageT" name="verifyProd" time="5.670"/>
  <testcase classname="SeleniumTestNG_F_De.loginPageT" name="verifyProd" time="11.287"/>
  <testcase classname="SeleniumTestNG_F_De.loginPageT" name="testNGTest" time="9.899"/>
  <testcase classname="SeleniumTestNG_F_De.loginPageT" name="testNGTest" time="9.293"/>
</testsuite> <!-- SeleniumTestNG_F_De.loginPageT -->
