<?xml version="1.0" encoding="UTF-8"?>
<!-- Generated by org.testng.reporters.JUnitReportReporter -->
<testsuite hostname="DESKTOP-02L3KP1" failures="0" tests="1" name="SeleniumTestNG_F_De.ErrorValidation2" time="5.517" errors="0" timestamp="2024-04-17T11:13:12 IST" skipped="0">
  <testcase classname="SeleniumTestNG_F_De.ErrorValidation2" name="testNGTest" time="5.517"/>
</testsuite> <!-- SeleniumTestNG_F_De.ErrorValidation2 -->
