<?xml version="1.0" encoding="UTF-8"?>
<!-- Generated by org.testng.reporters.JUnitReportReporter -->
<testsuite hostname="DESKTOP-02L3KP1" failures="0" tests="4" name="SeleniumTestNG_F_De.loginPageT" time="25.653" errors="0" timestamp="2024-04-24T07:14:38 IST" skipped="0">
  <testcase classname="SeleniumTestNG_F_De.loginPageT" name="verifyProd" time="7.026"/>
  <testcase classname="SeleniumTestNG_F_De.loginPageT" name="testNGTest" time="6.877"/>
  <testcase classname="SeleniumTestNG_F_De.loginPageT" name="testNGTest" time="7.443"/>
  <testcase classname="SeleniumTestNG_F_De.loginPageT" name="verifyProd" time="4.307"/>
</testsuite> <!-- SeleniumTestNG_F_De.loginPageT -->
