<?xml version="1.0" encoding="UTF-8"?>
<!-- Generated by org.testng.reporters.JUnitReportReporter -->
<testsuite hostname="DESKTOP-02L3KP1" failures="0" tests="2" name="SeleniumTestNG_F_De.ErrorValidation2T" time="12.151" errors="0" timestamp="2024-04-24T07:14:38 IST" skipped="0">
  <testcase classname="SeleniumTestNG_F_De.ErrorValidation2T" name="productErrorValidationM" time="7.746"/>
  <testcase classname="SeleniumTestNG_F_De.ErrorValidation2T" name="testNGTest" time="4.405"/>
</testsuite> <!-- SeleniumTestNG_F_De.ErrorValidation2T -->
